<?xml version="1.0" encoding="UTF-8"?>
<testsuite xmlns:xsi="http://www.w3.org/2001/XMLSchema-instance" xsi:noNamespaceSchemaLocation="https://maven.apache.org/surefire/maven-surefire-plugin/xsd/surefire-test-report-3.0.xsd" version="3.0" name="TestSuite" time="3.053" tests="2" errors="0" skipped="0" failures="0">
  <properties>
    <property name="java.specification.version" value="23"/>
    <property name="sun.cpu.isalist" value="amd64"/>
    <property name="sun.jnu.encoding" value="Cp1252"/>
    <property name="java.class.path" value="F:\WorkSpace\APIAutomationFramework-RestAssured\target\test-classes;F:\WorkSpace\APIAutomationFramework-RestAssured\target\classes;C:\Users\Chandra\.m2\repository\io\rest-assured\rest-assured\5.3.0\rest-assured-5.3.0.jar;C:\Users\Chandra\.m2\repository\org\apache\groovy\groovy\4.0.6\groovy-4.0.6.jar;C:\Users\Chandra\.m2\repository\org\apache\groovy\groovy-xml\4.0.6\groovy-xml-4.0.6.jar;C:\Users\Chandra\.m2\repository\org\apache\httpcomponents\httpclient\4.5.13\httpclient-4.5.13.jar;C:\Users\Chandra\.m2\repository\org\apache\httpcomponents\httpcore\4.4.13\httpcore-4.4.13.jar;C:\Users\Chandra\.m2\repository\commons-logging\commons-logging\1.2\commons-logging-1.2.jar;C:\Users\Chandra\.m2\repository\commons-codec\commons-codec\1.11\commons-codec-1.11.jar;C:\Users\Chandra\.m2\repository\org\apache\httpcomponents\httpmime\4.5.13\httpmime-4.5.13.jar;C:\Users\Chandra\.m2\repository\org\hamcrest\hamcrest\2.1\hamcrest-2.1.jar;C:\Users\Chandra\.m2\repository\org\ccil\cowan\tagsoup\tagsoup\1.2.1\tagsoup-1.2.1.jar;C:\Users\Chandra\.m2\repository\io\rest-assured\json-path\5.3.0\json-path-5.3.0.jar;C:\Users\Chandra\.m2\repository\org\apache\groovy\groovy-json\4.0.6\groovy-json-4.0.6.jar;C:\Users\Chandra\.m2\repository\io\rest-assured\rest-assured-common\5.3.0\rest-assured-common-5.3.0.jar;C:\Users\Chandra\.m2\repository\io\rest-assured\xml-path\5.3.0\xml-path-5.3.0.jar;C:\Users\Chandra\.m2\repository\org\apache\commons\commons-lang3\3.11\commons-lang3-3.11.jar;C:\Users\Chandra\.m2\repository\org\testng\testng\7.10.2\testng-7.10.2.jar;C:\Users\Chandra\.m2\repository\org\slf4j\slf4j-api\1.7.36\slf4j-api-1.7.36.jar;C:\Users\Chandra\.m2\repository\com\beust\jcommander\1.82\jcommander-1.82.jar;C:\Users\Chandra\.m2\repository\org\webjars\jquery\3.7.1\jquery-3.7.1.jar;C:\Users\Chandra\.m2\repository\com\fasterxml\jackson\core\jackson-databind\2.18.2\jackson-databind-2.18.2.jar;C:\Users\Chandra\.m2\repository\com\fasterxml\jackson\core\jackson-annotations\2.18.2\jackson-annotations-2.18.2.jar;C:\Users\Chandra\.m2\repository\com\fasterxml\jackson\core\jackson-core\2.18.2\jackson-core-2.18.2.jar;"/>
    <property name="java.vm.vendor" value="Eclipse Adoptium"/>
    <property name="sun.arch.data.model" value="64"/>
    <property name="user.variant" value=""/>
    <property name="java.vendor.url" value="https://adoptium.net/"/>
    <property name="user.timezone" value="America/Chicago"/>
    <property name="os.name" value="Windows 10"/>
    <property name="java.vm.specification.version" value="23"/>
    <property name="sun.java.launcher" value="SUN_STANDARD"/>
    <property name="user.country" value="US"/>
    <property name="sun.boot.library.path" value="C:\Users\Chandra\.p2\pool\plugins\org.eclipse.justj.openjdk.hotspot.jre.full.win32.x86_64_23.0.1.v20241024-1700\jre\bin"/>
    <property name="sun.java.command" value="C:\Users\Chandra\AppData\Local\Temp\surefire10813702878459855164\surefirebooter-20250119145207826_3.jar C:\Users\Chandra\AppData\Local\Temp\surefire10813702878459855164 2025-01-19T14-52-07_596-jvmRun1 surefire-20250119145207826_1tmp surefire_0-20250119145207826_2tmp"/>
    <property name="jdk.debug" value="release"/>
    <property name="surefire.test.class.path" value="F:\WorkSpace\APIAutomationFramework-RestAssured\target\test-classes;F:\WorkSpace\APIAutomationFramework-RestAssured\target\classes;C:\Users\Chandra\.m2\repository\io\rest-assured\rest-assured\5.3.0\rest-assured-5.3.0.jar;C:\Users\Chandra\.m2\repository\org\apache\groovy\groovy\4.0.6\groovy-4.0.6.jar;C:\Users\Chandra\.m2\repository\org\apache\groovy\groovy-xml\4.0.6\groovy-xml-4.0.6.jar;C:\Users\Chandra\.m2\repository\org\apache\httpcomponents\httpclient\4.5.13\httpclient-4.5.13.jar;C:\Users\Chandra\.m2\repository\org\apache\httpcomponents\httpcore\4.4.13\httpcore-4.4.13.jar;C:\Users\Chandra\.m2\repository\commons-logging\commons-logging\1.2\commons-logging-1.2.jar;C:\Users\Chandra\.m2\repository\commons-codec\commons-codec\1.11\commons-codec-1.11.jar;C:\Users\Chandra\.m2\repository\org\apache\httpcomponents\httpmime\4.5.13\httpmime-4.5.13.jar;C:\Users\Chandra\.m2\repository\org\hamcrest\hamcrest\2.1\hamcrest-2.1.jar;C:\Users\Chandra\.m2\repository\org\ccil\cowan\tagsoup\tagsoup\1.2.1\tagsoup-1.2.1.jar;C:\Users\Chandra\.m2\repository\io\rest-assured\json-path\5.3.0\json-path-5.3.0.jar;C:\Users\Chandra\.m2\repository\org\apache\groovy\groovy-json\4.0.6\groovy-json-4.0.6.jar;C:\Users\Chandra\.m2\repository\io\rest-assured\rest-assured-common\5.3.0\rest-assured-common-5.3.0.jar;C:\Users\Chandra\.m2\repository\io\rest-assured\xml-path\5.3.0\xml-path-5.3.0.jar;C:\Users\Chandra\.m2\repository\org\apache\commons\commons-lang3\3.11\commons-lang3-3.11.jar;C:\Users\Chandra\.m2\repository\org\testng\testng\7.10.2\testng-7.10.2.jar;C:\Users\Chandra\.m2\repository\org\slf4j\slf4j-api\1.7.36\slf4j-api-1.7.36.jar;C:\Users\Chandra\.m2\repository\com\beust\jcommander\1.82\jcommander-1.82.jar;C:\Users\Chandra\.m2\repository\org\webjars\jquery\3.7.1\jquery-3.7.1.jar;C:\Users\Chandra\.m2\repository\com\fasterxml\jackson\core\jackson-databind\2.18.2\jackson-databind-2.18.2.jar;C:\Users\Chandra\.m2\repository\com\fasterxml\jackson\core\jackson-annotations\2.18.2\jackson-annotations-2.18.2.jar;C:\Users\Chandra\.m2\repository\com\fasterxml\jackson\core\jackson-core\2.18.2\jackson-core-2.18.2.jar;"/>
    <property name="sun.cpu.endian" value="little"/>
    <property name="user.home" value="C:\Users\Chandra"/>
    <property name="user.language" value="en"/>
    <property name="java.specification.vendor" value="Oracle Corporation"/>
    <property name="java.version.date" value="2024-10-15"/>
    <property name="java.home" value="C:\Users\Chandra\.p2\pool\plugins\org.eclipse.justj.openjdk.hotspot.jre.full.win32.x86_64_23.0.1.v20241024-1700\jre"/>
    <property name="file.separator" value="\"/>
    <property name="basedir" value="F:\WorkSpace\APIAutomationFramework-RestAssured"/>
    <property name="style.color" value="always"/>
    <property name="java.vm.compressedOopsMode" value="Zero based"/>
    <property name="line.separator" value="&#10;"/>
    <property name="java.vm.specification.vendor" value="Oracle Corporation"/>
    <property name="java.specification.name" value="Java Platform API Specification"/>
    <property name="surefire.real.class.path" value="C:\Users\Chandra\AppData\Local\Temp\surefire10813702878459855164\surefirebooter-20250119145207826_3.jar"/>
    <property name="user.script" value=""/>
    <property name="sun.management.compiler" value="HotSpot 64-Bit Tiered Compilers"/>
    <property name="java.runtime.version" value="23.0.1+11"/>
    <property name="user.name" value="Chandra"/>
    <property name="stdout.encoding" value="Cp1252"/>
    <property name="path.separator" value=";"/>
    <property name="os.version" value="10.0"/>
    <property name="java.runtime.name" value="OpenJDK Runtime Environment"/>
    <property name="file.encoding" value="UTF-8"/>
    <property name="java.vm.name" value="OpenJDK 64-Bit Server VM"/>
    <property name="java.vendor.version" value="Temurin-23.0.1+11"/>
    <property name="localRepository" value="C:\Users\Chandra\.m2\repository"/>
    <property name="java.vendor.url.bug" value="https://github.com/adoptium/adoptium-support/issues"/>
    <property name="java.io.tmpdir" value="C:\Users\Chandra\AppData\Local\Temp\"/>
    <property name="java.version" value="23.0.1"/>
    <property name="user.dir" value="F:\WorkSpace\APIAutomationFramework-RestAssured"/>
    <property name="os.arch" value="amd64"/>
    <property name="java.vm.specification.name" value="Java Virtual Machine Specification"/>
    <property name="sun.os.patch.level" value=""/>
    <property name="native.encoding" value="Cp1252"/>
    <property name="java.library.path" value="C:\Users\Chandra\.p2\pool\plugins\org.eclipse.justj.openjdk.hotspot.jre.full.win32.x86_64_23.0.1.v20241024-1700\jre\bin;C:\Windows\Sun\Java\bin;C:\Windows\system32;C:\Windows;C:/Users/Chandra/.p2/pool/plugins/org.eclipse.justj.openjdk.hotspot.jre.full.win32.x86_64_23.0.1.v20241024-1700/jre/bin/server;C:/Users/Chandra/.p2/pool/plugins/org.eclipse.justj.openjdk.hotspot.jre.full.win32.x86_64_23.0.1.v20241024-1700/jre/bin;C:\Program Files\Common Files\Oracle\Java\javapath;C:\Windows\system32;C:\Windows;C:\Windows\System32\Wbem;C:\Windows\System32\WindowsPowerShell\v1.0\;C:\Windows\System32\OpenSSH\;C:\Program Files\dotnet\;C:\Program Files (x86)\Intel\Intel(R) Management Engine Components\DAL;C:\Program Files\Intel\Intel(R) Management Engine Components\DAL;C:\Program Files\nodejs\;C:\ProgramData\chocolatey\bin;C:\Program Files\Git\cmd;JAVA_HOME\bin;C:\Program Files\apache-maven-3.9.9\bin;C:\Users\Chandra\AppData\Local\Programs\Python\Python312\Scripts\;C:\Users\Chandra\AppData\Local\Programs\Python\Python312\;C:\Users\Chandra\AppData\Local\Programs\Python\Launcher\;C:\Users\Chandra\AppData\Local\Microsoft\WindowsApps;C:\Users\Chandra\AppData\Local\Programs\Microsoft VS Code\bin;C:\Program Files\JetBrains\IntelliJ IDEA Community Edition 2024.2.2\bin;;C:\Users\Chandra\AppData\Roaming\npm;C:\Program Files\apache-maven-3.9.9\bin;;C:\Users\Chandra\Desktop;;."/>
    <property name="java.vm.info" value="mixed mode, sharing"/>
    <property name="stderr.encoding" value="Cp1252"/>
    <property name="java.vendor" value="Eclipse Adoptium"/>
    <property name="java.vm.version" value="23.0.1+11"/>
    <property name="sun.io.unicode.encoding" value="UnicodeLittle"/>
    <property name="java.class.version" value="67.0"/>
  </properties>
  <testcase name="loginTest" classname="com.api.tests.LoginAPITest" time="1.42">
    <system-out><![CDATA[{
    "token": "eyJhbGciOiJIUzI1NiJ9.eyJzdWIiOiJ1ZGF5MTIzNCIsImlhdCI6MTczNzMxOTkzMCwiZXhwIjoxNzM3MzIzNTMwfQ.Ru6ZGfaMwu2M8jaK9tgqCrgkUIWLpsD6Z4Hl7JPGJaM",
    "type": "Bearer",
    "id": 3,
    "username": "uday1234",
    "email": "rish@gmail.com",
    "roles": [
        "ROLE_USER"
    ]
}
]]></system-out>
    <system-err><![CDATA[SLF4J: Failed to load class "org.slf4j.impl.StaticLoggerBinder".
SLF4J: Defaulting to no-operation (NOP) logger implementation
SLF4J: See http://www.slf4j.org/codes.html#StaticLoggerBinder for further details.
]]></system-err>
  </testcase>
  <testcase name="loginTest" classname="com.api.tests.Swift_AuthServiceAPITest" time="0.777">
    <system-out><![CDATA[Payload is: Swift_LoginRequest [userName=uday1234, password=uday1234]
Payload in BaseService is: Swift_LoginRequest [userName=uday1234, password=uday1234]
Endpoint in BaseService is: /api/auth/login
{
    "timestamp": "Sun Jan 19 20:52:11 UTC 2025",
    "status": 401,
    "error": "Unauthorized",
    "message": "Full authentication is required to access this resource",
    "path": "/error"
}
]]></system-out>
  </testcase>
</testsuite>