<?xml version="1.0" encoding="UTF-8"?>
<!-- Generated by org.testng.reporters.JUnitReportReporter -->
<testsuite hostname="DESKTOP-L1IUUHM" failures="0" tests="1" name="com.api.tests.LoginAPITest2" time="1.672" errors="0" timestamp="2025-01-18T20:55:30 CST" skipped="0">
  <testcase classname="com.api.tests.LoginAPITest2" name="loginTest" time="1.672"/>
</testsuite> <!-- com.api.tests.LoginAPITest2 -->
