<?xml version="1.0" encoding="UTF-8"?>
<!-- Generated by org.testng.reporters.JUnitReportReporter -->
<testsuite hostname="DESKTOP-L1IUUHM" failures="0" tests="1" name="com.api.tests.Swift_AuthServiceAPITest" time="1.612" errors="0" timestamp="2025-01-19T14:55:58 CST" skipped="0">
  <testcase classname="com.api.tests.Swift_AuthServiceAPITest" name="loginTest" time="1.612"/>
</testsuite> <!-- com.api.tests.Swift_AuthServiceAPITest -->
