<?xml version="1.0" encoding="UTF-8"?>
<!-- Generated by org.testng.reporters.JUnitReportReporter -->
<testsuite hostname="DESKTOP-L1IUUHM" failures="0" tests="1" name="com.api.tests.Swift_LoginAPITest" time="1.280" errors="0" timestamp="2025-01-18T23:10:22 CST" skipped="0">
  <testcase classname="com.api.tests.Swift_LoginAPITest" name="loginTest" time="1.280"/>
</testsuite> <!-- com.api.tests.Swift_LoginAPITest -->
