<?xml version="1.0" encoding="UTF-8"?>
<!-- Generated by org.testng.reporters.JUnitReportReporter -->
<testsuite hostname="DESKTOP-L1IUUHM" failures="0" tests="1" name="com.api.tests.LoginAPITest" time="1.907" errors="0" timestamp="2025-01-18T20:17:03 CST" skipped="0">
  <testcase classname="com.api.tests.LoginAPITest" name="loginTest" time="1.907"/>
</testsuite> <!-- com.api.tests.LoginAPITest -->
