<?xml version="1.0" encoding="UTF-8"?>
<!-- Generated by org.testng.reporters.JUnitReportReporter -->
<testsuite hostname="DESKTOP-L1IUUHM" failures="0" tests="1" name="com.api.tests.Swift_AuthServiceAPITest" time="0.782" errors="0" timestamp="2025-01-19T14:52:12 CST" skipped="0">
  <testcase classname="com.api.tests.Swift_AuthServiceAPITest" name="loginTest" time="0.782"/>
</testsuite> <!-- com.api.tests.Swift_AuthServiceAPITest -->
